{"C:\\Users\\AD\\Actividad 3 Ingenieria web\\src\\app.js": {"path":"C:\\Users\\AD\\Actividad 3 Ingenieria web\\src\\app.js","statementMap":{"0":{"start":{"line":1,"column":16},"end":{"line":1,"column":34}},"1":{"start":{"line":2,"column":12},"end":{"line":2,"column":21}},"2":{"start":{"line":5,"column":0},"end":{"line":5,"column":24}},"3":{"start":{"line":8,"column":12},"end":{"line":11,"column":1}},"4":{"start":{"line":14,"column":0},"end":{"line":16,"column":3}},"5":{"start":{"line":15,"column":4},"end":{"line":15,"column":32}},"6":{"start":{"line":19,"column":0},"end":{"line":26,"column":3}},"7":{"start":{"line":20,"column":22},"end":{"line":23,"column":5}},"8":{"start":{"line":24,"column":4},"end":{"line":24,"column":26}},"9":{"start":{"line":25,"column":4},"end":{"line":25,"column":36}},"10":{"start":{"line":29,"column":0},"end":{"line":33,"column":3}},"11":{"start":{"line":30,"column":15},"end":{"line":30,"column":38}},"12":{"start":{"line":31,"column":4},"end":{"line":31,"column":49}},"13":{"start":{"line":31,"column":33},"end":{"line":31,"column":47}},"14":{"start":{"line":32,"column":4},"end":{"line":32,"column":62}},"15":{"start":{"line":36,"column":13},"end":{"line":36,"column":37}},"16":{"start":{"line":39,"column":0},"end":{"line":43,"column":1}},"17":{"start":{"line":40,"column":4},"end":{"line":42,"column":7}},"18":{"start":{"line":41,"column":8},"end":{"line":41,"column":70}},"19":{"start":{"line":45,"column":0},"end":{"line":45,"column":21}}},"fnMap":{"0":{"name":"(anonymous_0)","decl":{"start":{"line":14,"column":18},"end":{"line":14,"column":19}},"loc":{"start":{"line":14,"column":32},"end":{"line":16,"column":1}},"line":14},"1":{"name":"(anonymous_1)","decl":{"start":{"line":19,"column":19},"end":{"line":19,"column":20}},"loc":{"start":{"line":19,"column":33},"end":{"line":26,"column":1}},"line":19},"2":{"name":"(anonymous_2)","decl":{"start":{"line":29,"column":25},"end":{"line":29,"column":26}},"loc":{"start":{"line":29,"column":39},"end":{"line":33,"column":1}},"line":29},"3":{"name":"(anonymous_3)","decl":{"start":{"line":31,"column":25},"end":{"line":31,"column":26}},"loc":{"start":{"line":31,"column":33},"end":{"line":31,"column":47}},"line":31},"4":{"name":"(anonymous_4)","decl":{"start":{"line":40,"column":21},"end":{"line":40,"column":22}},"loc":{"start":{"line":40,"column":27},"end":{"line":42,"column":5}},"line":40}},"branchMap":{"0":{"loc":{"start":{"line":36,"column":13},"end":{"line":36,"column":37}},"type":"binary-expr","locations":[{"start":{"line":36,"column":13},"end":{"line":36,"column":29}},{"start":{"line":36,"column":33},"end":{"line":36,"column":37}}],"line":36},"1":{"loc":{"start":{"line":39,"column":0},"end":{"line":43,"column":1}},"type":"if","locations":[{"start":{"line":39,"column":0},"end":{"line":43,"column":1}},{"start":{},"end":{}}],"line":39}},"s":{"0":2,"1":2,"2":2,"3":2,"4":2,"5":3,"6":2,"7":2,"8":2,"9":2,"10":2,"11":1,"12":1,"13":3,"14":1,"15":2,"16":2,"17":0,"18":0,"19":2},"f":{"0":3,"1":2,"2":1,"3":3,"4":0},"b":{"0":[2,2],"1":[0,2]},"_coverageSchema":"1a1c01bbd47fc00a2c39e90264f33305004495a9","hash":"11a730ebd7fd79e3c236b8fe963f1cdb681c3a5a"}
,"C:\\Users\\AD\\Actividad 3 Ingenieria web\\src\\logic.js": {"path":"C:\\Users\\AD\\Actividad 3 Ingenieria web\\src\\logic.js","statementMap":{"0":{"start":{"line":2,"column":21},"end":{"line":2,"column":51}},"1":{"start":{"line":2,"column":32},"end":{"line":2,"column":51}},"2":{"start":{"line":3,"column":20},"end":{"line":3,"column":45}},"3":{"start":{"line":3,"column":32},"end":{"line":3,"column":45}},"4":{"start":{"line":4,"column":23},"end":{"line":4,"column":52}},"5":{"start":{"line":4,"column":35},"end":{"line":4,"column":52}},"6":{"start":{"line":5,"column":24},"end":{"line":5,"column":57}},"7":{"start":{"line":5,"column":35},"end":{"line":5,"column":57}},"8":{"start":{"line":8,"column":26},"end":{"line":8,"column":76}},"9":{"start":{"line":8,"column":44},"end":{"line":8,"column":76}},"10":{"start":{"line":9,"column":22},"end":{"line":9,"column":51}},"11":{"start":{"line":9,"column":34},"end":{"line":9,"column":51}},"12":{"start":{"line":11,"column":0},"end":{"line":11,"column":114}}},"fnMap":{"0":{"name":"(anonymous_0)","decl":{"start":{"line":2,"column":21},"end":{"line":2,"column":22}},"loc":{"start":{"line":2,"column":32},"end":{"line":2,"column":51}},"line":2},"1":{"name":"(anonymous_1)","decl":{"start":{"line":3,"column":20},"end":{"line":3,"column":21}},"loc":{"start":{"line":3,"column":32},"end":{"line":3,"column":45}},"line":3},"2":{"name":"(anonymous_2)","decl":{"start":{"line":4,"column":23},"end":{"line":4,"column":24}},"loc":{"start":{"line":4,"column":35},"end":{"line":4,"column":52}},"line":4},"3":{"name":"(anonymous_3)","decl":{"start":{"line":5,"column":24},"end":{"line":5,"column":25}},"loc":{"start":{"line":5,"column":35},"end":{"line":5,"column":57}},"line":5},"4":{"name":"(anonymous_4)","decl":{"start":{"line":8,"column":26},"end":{"line":8,"column":27}},"loc":{"start":{"line":8,"column":44},"end":{"line":8,"column":76}},"line":8},"5":{"name":"(anonymous_5)","decl":{"start":{"line":9,"column":22},"end":{"line":9,"column":23}},"loc":{"start":{"line":9,"column":34},"end":{"line":9,"column":51}},"line":9}},"branchMap":{},"s":{"0":1,"1":2,"2":1,"3":2,"4":1,"5":2,"6":1,"7":2,"8":1,"9":1,"10":1,"11":1,"12":1},"f":{"0":2,"1":2,"2":2,"3":2,"4":1,"5":1},"b":{},"_coverageSchema":"1a1c01bbd47fc00a2c39e90264f33305004495a9","hash":"3dd816ffe4f2cab537ac28546ca68598546934f6"}
}
