TN:
SF:src\app.js
FN:14,(anonymous_0)
FN:19,(anonymous_1)
FN:29,(anonymous_2)
FN:31,(anonymous_3)
FN:40,(anonymous_4)
FNF:5
FNH:4
FNDA:3,(anonymous_0)
FNDA:2,(anonymous_1)
FNDA:1,(anonymous_2)
FNDA:3,(anonymous_3)
FNDA:0,(anonymous_4)
DA:1,2
DA:2,2
DA:5,2
DA:8,2
DA:14,2
DA:15,3
DA:19,2
DA:20,2
DA:24,2
DA:25,2
DA:29,2
DA:30,1
DA:31,3
DA:32,1
DA:36,2
DA:39,2
DA:40,0
DA:41,0
DA:45,2
LF:19
LH:17
BRDA:36,0,0,2
BRDA:36,0,1,2
BRDA:39,1,0,0
BRDA:39,1,1,2
BRF:4
BRH:3
end_of_record
TN:
SF:src\logic.js
FN:2,(anonymous_0)
FN:3,(anonymous_1)
FN:4,(anonymous_2)
FN:5,(anonymous_3)
FN:8,(anonymous_4)
FN:9,(anonymous_5)
FNF:6
FNH:6
FNDA:2,(anonymous_0)
FNDA:2,(anonymous_1)
FNDA:2,(anonymous_2)
FNDA:2,(anonymous_3)
FNDA:1,(anonymous_4)
FNDA:1,(anonymous_5)
DA:2,2
DA:3,2
DA:4,2
DA:5,2
DA:8,1
DA:9,1
DA:11,1
LF:7
LH:7
BRF:0
BRH:0
end_of_record
